#
# There is insufficient memory for the Java Runtime Environment to continue.
# Native memory allocation (malloc) failed to allocate 32744 bytes. Error detail: Chunk::new
# Possible reasons:
#   The system is out of physical RAM or swap space
#   This process is running with CompressedOops enabled, and the Java Heap may be blocking the growth of the native heap
# Possible solutions:
#   Reduce memory load on the system
#   Increase physical memory or swap space
#   Check if swap backing store is full
#   Decrease Java heap size (-Xmx/-Xms)
#   Decrease number of Java threads
#   Decrease Java thread stack sizes (-Xss)
#   Set larger code cache with -XX:ReservedCodeCacheSize=
#   JVM is running with Unscaled Compressed Oops mode in which the Java heap is
#     placed in the first 4GB address space. The Java Heap base address is the
#     maximum limit for the native heap growth. Please use -XX:HeapBaseMinAddress
#     to set the Java Heap base and to place the Java Heap above 4GB virtual address.
# This output file may be truncated or incomplete.
#
#  Out of Memory Error (arena.cpp:150), pid=7632, tid=9776
#
# JRE version: OpenJDK Runtime Environment (22.0+36) (build 22+36-2370)
# Java VM: OpenJDK 64-Bit Server VM (22+36-2370, mixed mode, emulated-client, sharing, tiered, compressed oops, compressed class ptrs, g1 gc, windows-amd64)
# No core dump will be written. Minidumps are not enabled by default on client versions of Windows
#

---------------  S U M M A R Y ------------

Command Line: -XX:TieredStopAtLevel=1 -Dspring.output.ansi.enabled=always -Dcom.sun.management.jmxremote -Dspring.jmx.enabled=true -Dspring.liveBeansView.mbeanDomain -Dspring.application.admin.enabled=true -Dmanagement.endpoints.jmx.exposure.include=* -javaagent:C:\Program Files\JetBrains\IntelliJ IDEA 2023.3.6\lib\idea_rt.jar=51003:C:\Program Files\JetBrains\IntelliJ IDEA 2023.3.6\bin -Dfile.encoding=UTF-8 -Dsun.stdout.encoding=UTF-8 -Dsun.stderr.encoding=UTF-8 com.example.msconfigserver.MsConfigServerApplication

Host: AMD Ryzen 7 4700U with Radeon Graphics         , 8 cores, 7G,  Windows 10 , 64 bit Build 19041 (10.0.19041.5915)
Time: Tue Sep 30 10:59:54 2025 Hora est. Pacífico, Sudamérica elapsed time: 0.795392 seconds (0d 0h 0m 0s)

---------------  T H R E A D  ---------------

Current thread (0x000001d6fe1cbe00):  JavaThread "C1 CompilerThread3" daemon [_thread_in_native, id=9776, stack(0x0000006f8e300000,0x0000006f8e400000) (1024K)]


Current CompileTask:
C1:795 1336       1       java.net.URLStreamHandler::parseURL (1124 bytes)

Stack: [0x0000006f8e300000,0x0000006f8e400000]
Native frames: (J=compiled Java code, j=interpreted, Vv=VM code, C=native code)
V  [jvm.dll+0x6e2349]  (no source info available)
V  [jvm.dll+0x874ed3]  (no source info available)
V  [jvm.dll+0x8772fe]  (no source info available)
V  [jvm.dll+0x8779d3]  (no source info available)
V  [jvm.dll+0x27fcb6]  (no source info available)
V  [jvm.dll+0xc3d0f]  (no source info available)
V  [jvm.dll+0xc3f6b]  (no source info available)
V  [jvm.dll+0x1572e6]  (no source info available)
V  [jvm.dll+0x163166]  (no source info available)
V  [jvm.dll+0x166436]  (no source info available)
V  [jvm.dll+0x165e26]  (no source info available)
V  [jvm.dll+0x15d70a]  (no source info available)
V  [jvm.dll+0x15f96d]  (no source info available)
V  [jvm.dll+0x15deac]  (no source info available)
V  [jvm.dll+0x166941]  (no source info available)
V  [jvm.dll+0x165e26]  (no source info available)
V  [jvm.dll+0x15d70a]  (no source info available)
V  [jvm.dll+0x15f96d]  (no source info available)
V  [jvm.dll+0x15dfa5]  (no source info available)
V  [jvm.dll+0x157a2f]  (no source info available)
V  [jvm.dll+0x167a86]  (no source info available)
V  [jvm.dll+0x1530bb]  (no source info available)
V  [jvm.dll+0x153507]  (no source info available)
V  [jvm.dll+0x1538a0]  (no source info available)
V  [jvm.dll+0x152c1d]  (no source info available)
V  [jvm.dll+0x154add]  (no source info available)
V  [jvm.dll+0x25699e]  (no source info available)
V  [jvm.dll+0x254c5a]  (no source info available)
V  [jvm.dll+0x3f5426]  (no source info available)
V  [jvm.dll+0x81d50b]  (no source info available)
V  [jvm.dll+0x6e09e5]  (no source info available)
C  [ucrtbase.dll+0x21bb2]  (no source info available)
C  [KERNEL32.DLL+0x17374]  (no source info available)
C  [ntdll.dll+0x4cc91]  (no source info available)


---------------  P R O C E S S  ---------------

Threads class SMR info:
_java_thread_list=0x000001d6fe690060, length=15, elements={
0x000001d6a6baafc0, 0x000001d6b8f2b4e0, 0x000001d6b8f2c3b0, 0x000001d6b8f2e130,
0x000001d6b8f2eb90, 0x000001d6b8f2f5f0, 0x000001d6b8f30050, 0x000001d6b8f30ab0,
0x000001d6b8efab60, 0x000001d6fe15c9b0, 0x000001d6fe15d070, 0x000001d6fe1cbe00,
0x000001d6fe512290, 0x000001d6fe514910, 0x000001d6fe72f7c0
}

Java Threads: ( => current thread )
  0x000001d6a6baafc0 JavaThread "main"                              [_thread_in_vm, id=17672, stack(0x0000006f8d100000,0x0000006f8d200000) (1024K)]
  0x000001d6b8f2b4e0 JavaThread "Reference Handler"          daemon [_thread_blocked, id=7296, stack(0x0000006f8d900000,0x0000006f8da00000) (1024K)]
  0x000001d6b8f2c3b0 JavaThread "Finalizer"                  daemon [_thread_blocked, id=19644, stack(0x0000006f8da00000,0x0000006f8db00000) (1024K)]
  0x000001d6b8f2e130 JavaThread "Signal Dispatcher"          daemon [_thread_blocked, id=1376, stack(0x0000006f8db00000,0x0000006f8dc00000) (1024K)]
  0x000001d6b8f2eb90 JavaThread "Attach Listener"            daemon [_thread_blocked, id=19668, stack(0x0000006f8dc00000,0x0000006f8dd00000) (1024K)]
  0x000001d6b8f2f5f0 JavaThread "Service Thread"             daemon [_thread_blocked, id=18888, stack(0x0000006f8dd00000,0x0000006f8de00000) (1024K)]
  0x000001d6b8f30050 JavaThread "Monitor Deflation Thread"   daemon [_thread_blocked, id=20044, stack(0x0000006f8de00000,0x0000006f8df00000) (1024K)]
  0x000001d6b8f30ab0 JavaThread "C1 CompilerThread0"         daemon [_thread_blocked, id=18196, stack(0x0000006f8df00000,0x0000006f8e000000) (1024K)]
  0x000001d6b8efab60 JavaThread "Common-Cleaner"             daemon [_thread_blocked, id=1848, stack(0x0000006f8e000000,0x0000006f8e100000) (1024K)]
  0x000001d6fe15c9b0 JavaThread "C1 CompilerThread1"         daemon [_thread_blocked, id=10568, stack(0x0000006f8e100000,0x0000006f8e200000) (1024K)]
  0x000001d6fe15d070 JavaThread "C1 CompilerThread2"         daemon [_thread_in_native, id=1644, stack(0x0000006f8e200000,0x0000006f8e300000) (1024K)]
=>0x000001d6fe1cbe00 JavaThread "C1 CompilerThread3"         daemon [_thread_in_native, id=9776, stack(0x0000006f8e300000,0x0000006f8e400000) (1024K)]
  0x000001d6fe512290 JavaThread "Monitor Ctrl-Break"         daemon [_thread_in_native, id=13900, stack(0x0000006f8e400000,0x0000006f8e500000) (1024K)]
  0x000001d6fe514910 JavaThread "Notification Thread"        daemon [_thread_blocked, id=16768, stack(0x0000006f8e500000,0x0000006f8e600000) (1024K)]
  0x000001d6fe72f7c0 JavaThread "RMI TCP Accept-0"           daemon [_thread_in_native, id=1540, stack(0x0000006f8e600000,0x0000006f8e700000) (1024K)]
Total: 15

Other Threads:
  0x000001d6b8f0ff40 VMThread "VM Thread"                           [id=14704, stack(0x0000006f8d800000,0x0000006f8d900000) (1024K)]
  0x000001d6b8ef9c60 WatcherThread "VM Periodic Task Thread"        [id=7304, stack(0x0000006f8d700000,0x0000006f8d800000) (1024K)]
  0x000001d6a6bffe80 WorkerThread "GC Thread#0"                     [id=6796, stack(0x0000006f8d200000,0x0000006f8d300000) (1024K)]
  0x000001d6fe9c68f0 WorkerThread "GC Thread#1"                     [id=17388, stack(0x0000006f8e700000,0x0000006f8e800000) (1024K)]
  0x000001d6fe9e9d10 WorkerThread "GC Thread#2"                     [id=18040, stack(0x0000006f8e800000,0x0000006f8e900000) (1024K)]
  0x000001d6fe9ea0c0 WorkerThread "GC Thread#3"                     [id=20332, stack(0x0000006f8e900000,0x0000006f8ea00000) (1024K)]
  0x000001d6fe9d24b0 WorkerThread "GC Thread#4"                     [id=6792, stack(0x0000006f8ea00000,0x0000006f8eb00000) (1024K)]
  0x000001d6fe9d2860 WorkerThread "GC Thread#5"                     [id=1680, stack(0x0000006f8eb00000,0x0000006f8ec00000) (1024K)]
  0x000001d6fe9ff170 WorkerThread "GC Thread#6"                     [id=16812, stack(0x0000006f8ec00000,0x0000006f8ed00000) (1024K)]
  0x000001d6a6c0faf0 ConcurrentGCThread "G1 Main Marker"            [id=13524, stack(0x0000006f8d300000,0x0000006f8d400000) (1024K)]
  0x000001d6a6c10510 WorkerThread "G1 Conc#0"                       [id=10472, stack(0x0000006f8d400000,0x0000006f8d500000) (1024K)]
  0x000001d6b8dce540 ConcurrentGCThread "G1 Refine#0"               [id=18172, stack(0x0000006f8d500000,0x0000006f8d600000) (1024K)]
  0x000001d6b8dcef20 ConcurrentGCThread "G1 Service"                [id=10384, stack(0x0000006f8d600000,0x0000006f8d700000) (1024K)]
Total: 13

Threads with active compile tasks:
C1 CompilerThread2  853 1339   !   1       java.util.jar.Attributes::read (494 bytes)
C1 CompilerThread3  853 1336       1       java.net.URLStreamHandler::parseURL (1124 bytes)
Total: 2

VM state: not at safepoint (normal execution)

VM Mutex/Monitor currently owned by a thread: None

Heap address: 0x000000008a200000, size: 1886 MB, Compressed Oops mode: 32-bit

CDS archive(s) mapped at: [0x000001d6b9000000-0x000001d6b9c50000-0x000001d6b9c50000), size 12910592, SharedBaseAddress: 0x000001d6b9000000, ArchiveRelocationMode: 1.
Compressed class space mapped at: 0x000001d6ba000000-0x000001d6fa000000, reserved size: 1073741824
Narrow klass base: 0x000001d6b9000000, Narrow klass shift: 0, Narrow klass range: 0x41000000

GC Precious Log:
 CardTable entry size: 512
 Card Set container configuration: InlinePtr #cards 5 size 8 Array Of Cards #cards 12 size 40 Howl #buckets 4 coarsen threshold 1843 Howl Bitmap #cards 512 size 80 coarsen threshold 460 Card regions per heap region 1 cards per card region 2048
 CPUs: 8 total, 8 available
 Memory: 7542M
 Large Page Support: Disabled
 NUMA Support: Disabled
 Compressed Oops: Enabled (32-bit)
 Heap Region Size: 1M
 Heap Min Capacity: 8M
 Heap Initial Capacity: 118M
 Heap Max Capacity: 1886M
 Pre-touch: Disabled
 Parallel Workers: 8
 Concurrent Workers: 2
 Concurrent Refinement Workers: 8
 Periodic GC: Disabled

Heap:
 garbage-first heap   total reserved 1931264K, committed 120832K, used 18304K [0x000000008a200000, 0x0000000100000000)
  region size 1024K, 10 young (10240K), 3 survivors (3072K)
 Metaspace       used 6888K, committed 7168K, reserved 1114112K
  class space    used 851K, committed 1024K, reserved 1048576K

Heap Regions: E=young(eden), S=young(survivor), O=old, HS=humongous(starts), HC=humongous(continues), CS=collection set, F=free, TAMS=top-at-mark-start, PB=parsable bottom
|   0|0x000000008a200000, 0x000000008a300000, 0x000000008a300000|100%|HS|  |TAMS 0x000000008a200000| PB 0x000000008a200000| Complete |  0
|   1|0x000000008a300000, 0x000000008a400000, 0x000000008a400000|100%|HS|  |TAMS 0x000000008a300000| PB 0x000000008a300000| Complete |  0
|   2|0x000000008a400000, 0x000000008a500000, 0x000000008a500000|100%|HS|  |TAMS 0x000000008a400000| PB 0x000000008a400000| Complete |  0
|   3|0x000000008a500000, 0x000000008a600000, 0x000000008a600000|100%| O|  |TAMS 0x000000008a500000| PB 0x000000008a500000| Untracked |  0
|   4|0x000000008a600000, 0x000000008a700000, 0x000000008a700000|100%| O|  |TAMS 0x000000008a600000| PB 0x000000008a600000| Untracked |  0
|   5|0x000000008a700000, 0x000000008a800000, 0x000000008a800000|100%| O|  |TAMS 0x000000008a700000| PB 0x000000008a700000| Untracked |  0
|   6|0x000000008a800000, 0x000000008a8e0000, 0x000000008a900000| 87%| O|  |TAMS 0x000000008a800000| PB 0x000000008a800000| Untracked |  0
|   7|0x000000008a900000, 0x000000008aa00000, 0x000000008aa00000|100%|HS|  |TAMS 0x000000008a900000| PB 0x000000008a900000| Complete |  0
|   8|0x000000008aa00000, 0x000000008ab00000, 0x000000008ab00000|100%|HS|  |TAMS 0x000000008aa00000| PB 0x000000008aa00000| Complete |  0
|   9|0x000000008ab00000, 0x000000008ab00000, 0x000000008ac00000|  0%| F|  |TAMS 0x000000008ab00000| PB 0x000000008ab00000| Untracked |  0
|  10|0x000000008ac00000, 0x000000008ac00000, 0x000000008ad00000|  0%| F|  |TAMS 0x000000008ac00000| PB 0x000000008ac00000| Untracked |  0
|  11|0x000000008ad00000, 0x000000008ad00000, 0x000000008ae00000|  0%| F|  |TAMS 0x000000008ad00000| PB 0x000000008ad00000| Untracked |  0
|  12|0x000000008ae00000, 0x000000008ae00000, 0x000000008af00000|  0%| F|  |TAMS 0x000000008ae00000| PB 0x000000008ae00000| Untracked |  0
|  13|0x000000008af00000, 0x000000008af00000, 0x000000008b000000|  0%| F|  |TAMS 0x000000008af00000| PB 0x000000008af00000| Untracked |  0
|  14|0x000000008b000000, 0x000000008b000000, 0x000000008b100000|  0%| F|  |TAMS 0x000000008b000000| PB 0x000000008b000000| Untracked |  0
|  15|0x000000008b100000, 0x000000008b100000, 0x000000008b200000|  0%| F|  |TAMS 0x000000008b100000| PB 0x000000008b100000| Untracked |  0
|  16|0x000000008b200000, 0x000000008b200000, 0x000000008b300000|  0%| F|  |TAMS 0x000000008b200000| PB 0x000000008b200000| Untracked |  0
|  17|0x000000008b300000, 0x000000008b300000, 0x000000008b400000|  0%| F|  |TAMS 0x000000008b300000| PB 0x000000008b300000| Untracked |  0
|  18|0x000000008b400000, 0x000000008b400000, 0x000000008b500000|  0%| F|  |TAMS 0x000000008b400000| PB 0x000000008b400000| Untracked |  0
|  19|0x000000008b500000, 0x000000008b500000, 0x000000008b600000|  0%| F|  |TAMS 0x000000008b500000| PB 0x000000008b500000| Untracked |  0
|  20|0x000000008b600000, 0x000000008b600000, 0x000000008b700000|  0%| F|  |TAMS 0x000000008b600000| PB 0x000000008b600000| Untracked |  0
|  21|0x000000008b700000, 0x000000008b700000, 0x000000008b800000|  0%| F|  |TAMS 0x000000008b700000| PB 0x000000008b700000| Untracked |  0
|  22|0x000000008b800000, 0x000000008b800000, 0x000000008b900000|  0%| F|  |TAMS 0x000000008b800000| PB 0x000000008b800000| Untracked |  0
|  23|0x000000008b900000, 0x000000008b900000, 0x000000008ba00000|  0%| F|  |TAMS 0x000000008b900000| PB 0x000000008b900000| Untracked |  0
|  24|0x000000008ba00000, 0x000000008ba00000, 0x000000008bb00000|  0%| F|  |TAMS 0x000000008ba00000| PB 0x000000008ba00000| Untracked |  0
|  25|0x000000008bb00000, 0x000000008bb00000, 0x000000008bc00000|  0%| F|  |TAMS 0x000000008bb00000| PB 0x000000008bb00000| Untracked |  0
|  26|0x000000008bc00000, 0x000000008bc00000, 0x000000008bd00000|  0%| F|  |TAMS 0x000000008bc00000| PB 0x000000008bc00000| Untracked |  0
|  27|0x000000008bd00000, 0x000000008bd00000, 0x000000008be00000|  0%| F|  |TAMS 0x000000008bd00000| PB 0x000000008bd00000| Untracked |  0
|  28|0x000000008be00000, 0x000000008be00000, 0x000000008bf00000|  0%| F|  |TAMS 0x000000008be00000| PB 0x000000008be00000| Untracked |  0
|  29|0x000000008bf00000, 0x000000008bf00000, 0x000000008c000000|  0%| F|  |TAMS 0x000000008bf00000| PB 0x000000008bf00000| Untracked |  0
|  30|0x000000008c000000, 0x000000008c000000, 0x000000008c100000|  0%| F|  |TAMS 0x000000008c000000| PB 0x000000008c000000| Untracked |  0
|  31|0x000000008c100000, 0x000000008c100000, 0x000000008c200000|  0%| F|  |TAMS 0x000000008c100000| PB 0x000000008c100000| Untracked |  0
|  32|0x000000008c200000, 0x000000008c200000, 0x000000008c300000|  0%| F|  |TAMS 0x000000008c200000| PB 0x000000008c200000| Untracked |  0
|  33|0x000000008c300000, 0x000000008c300000, 0x000000008c400000|  0%| F|  |TAMS 0x000000008c300000| PB 0x000000008c300000| Untracked |  0
|  34|0x000000008c400000, 0x000000008c400000, 0x000000008c500000|  0%| F|  |TAMS 0x000000008c400000| PB 0x000000008c400000| Untracked |  0
|  35|0x000000008c500000, 0x000000008c500000, 0x000000008c600000|  0%| F|  |TAMS 0x000000008c500000| PB 0x000000008c500000| Untracked |  0
|  36|0x000000008c600000, 0x000000008c600000, 0x000000008c700000|  0%| F|  |TAMS 0x000000008c600000| PB 0x000000008c600000| Untracked |  0
|  37|0x000000008c700000, 0x000000008c700000, 0x000000008c800000|  0%| F|  |TAMS 0x000000008c700000| PB 0x000000008c700000| Untracked |  0
|  38|0x000000008c800000, 0x000000008c800000, 0x000000008c900000|  0%| F|  |TAMS 0x000000008c800000| PB 0x000000008c800000| Untracked |  0
|  39|0x000000008c900000, 0x000000008c900000, 0x000000008ca00000|  0%| F|  |TAMS 0x000000008c900000| PB 0x000000008c900000| Untracked |  0
|  40|0x000000008ca00000, 0x000000008ca00000, 0x000000008cb00000|  0%| F|  |TAMS 0x000000008ca00000| PB 0x000000008ca00000| Untracked |  0
|  41|0x000000008cb00000, 0x000000008cb00000, 0x000000008cc00000|  0%| F|  |TAMS 0x000000008cb00000| PB 0x000000008cb00000| Untracked |  0
|  42|0x000000008cc00000, 0x000000008cc00000, 0x000000008cd00000|  0%| F|  |TAMS 0x000000008cc00000| PB 0x000000008cc00000| Untracked |  0
|  43|0x000000008cd00000, 0x000000008cd00000, 0x000000008ce00000|  0%| F|  |TAMS 0x000000008cd00000| PB 0x000000008cd00000| Untracked |  0
|  44|0x000000008ce00000, 0x000000008ce00000, 0x000000008cf00000|  0%| F|  |TAMS 0x000000008ce00000| PB 0x000000008ce00000| Untracked |  0
|  45|0x000000008cf00000, 0x000000008cf00000, 0x000000008d000000|  0%| F|  |TAMS 0x000000008cf00000| PB 0x000000008cf00000| Untracked |  0
|  46|0x000000008d000000, 0x000000008d000000, 0x000000008d100000|  0%| F|  |TAMS 0x000000008d000000| PB 0x000000008d000000| Untracked |  0
|  47|0x000000008d100000, 0x000000008d100000, 0x000000008d200000|  0%| F|  |TAMS 0x000000008d100000| PB 0x000000008d100000| Untracked |  0
|  48|0x000000008d200000, 0x000000008d200000, 0x000000008d300000|  0%| F|  |TAMS 0x000000008d200000| PB 0x000000008d200000| Untracked |  0
|  49|0x000000008d300000, 0x000000008d300000, 0x000000008d400000|  0%| F|  |TAMS 0x000000008d300000| PB 0x000000008d300000| Untracked |  0
|  50|0x000000008d400000, 0x000000008d400000, 0x000000008d500000|  0%| F|  |TAMS 0x000000008d400000| PB 0x000000008d400000| Untracked |  0
|  51|0x000000008d500000, 0x000000008d500000, 0x000000008d600000|  0%| F|  |TAMS 0x000000008d500000| PB 0x000000008d500000| Untracked |  0
|  52|0x000000008d600000, 0x000000008d600000, 0x000000008d700000|  0%| F|  |TAMS 0x000000008d600000| PB 0x000000008d600000| Untracked |  0
|  53|0x000000008d700000, 0x000000008d700000, 0x000000008d800000|  0%| F|  |TAMS 0x000000008d700000| PB 0x000000008d700000| Untracked |  0
|  54|0x000000008d800000, 0x000000008d800000, 0x000000008d900000|  0%| F|  |TAMS 0x000000008d800000| PB 0x000000008d800000| Untracked |  0
|  55|0x000000008d900000, 0x000000008d900000, 0x000000008da00000|  0%| F|  |TAMS 0x000000008d900000| PB 0x000000008d900000| Untracked |  0
|  56|0x000000008da00000, 0x000000008da00000, 0x000000008db00000|  0%| F|  |TAMS 0x000000008da00000| PB 0x000000008da00000| Untracked |  0
|  57|0x000000008db00000, 0x000000008db00000, 0x000000008dc00000|  0%| F|  |TAMS 0x000000008db00000| PB 0x000000008db00000| Untracked |  0
|  58|0x000000008dc00000, 0x000000008dc00000, 0x000000008dd00000|  0%| F|  |TAMS 0x000000008dc00000| PB 0x000000008dc00000| Untracked |  0
|  59|0x000000008dd00000, 0x000000008dd00000, 0x000000008de00000|  0%| F|  |TAMS 0x000000008dd00000| PB 0x000000008dd00000| Untracked |  0
|  60|0x000000008de00000, 0x000000008de00000, 0x000000008df00000|  0%| F|  |TAMS 0x000000008de00000| PB 0x000000008de00000| Untracked |  0
|  61|0x000000008df00000, 0x000000008df00000, 0x000000008e000000|  0%| F|  |TAMS 0x000000008df00000| PB 0x000000008df00000| Untracked |  0
|  62|0x000000008e000000, 0x000000008e000000, 0x000000008e100000|  0%| F|  |TAMS 0x000000008e000000| PB 0x000000008e000000| Untracked |  0
|  63|0x000000008e100000, 0x000000008e100000, 0x000000008e200000|  0%| F|  |TAMS 0x000000008e100000| PB 0x000000008e100000| Untracked |  0
|  64|0x000000008e200000, 0x000000008e200000, 0x000000008e300000|  0%| F|  |TAMS 0x000000008e200000| PB 0x000000008e200000| Untracked |  0
|  65|0x000000008e300000, 0x000000008e300000, 0x000000008e400000|  0%| F|  |TAMS 0x000000008e300000| PB 0x000000008e300000| Untracked |  0
|  66|0x000000008e400000, 0x000000008e400000, 0x000000008e500000|  0%| F|  |TAMS 0x000000008e400000| PB 0x000000008e400000| Untracked |  0
|  67|0x000000008e500000, 0x000000008e500000, 0x000000008e600000|  0%| F|  |TAMS 0x000000008e500000| PB 0x000000008e500000| Untracked |  0
|  68|0x000000008e600000, 0x000000008e600000, 0x000000008e700000|  0%| F|  |TAMS 0x000000008e600000| PB 0x000000008e600000| Untracked |  0
|  69|0x000000008e700000, 0x000000008e700000, 0x000000008e800000|  0%| F|  |TAMS 0x000000008e700000| PB 0x000000008e700000| Untracked |  0
|  70|0x000000008e800000, 0x000000008e800000, 0x000000008e900000|  0%| F|  |TAMS 0x000000008e800000| PB 0x000000008e800000| Untracked |  0
|  71|0x000000008e900000, 0x000000008e900000, 0x000000008ea00000|  0%| F|  |TAMS 0x000000008e900000| PB 0x000000008e900000| Untracked |  0
|  72|0x000000008ea00000, 0x000000008ea00000, 0x000000008eb00000|  0%| F|  |TAMS 0x000000008ea00000| PB 0x000000008ea00000| Untracked |  0
|  73|0x000000008eb00000, 0x000000008eb00000, 0x000000008ec00000|  0%| F|  |TAMS 0x000000008eb00000| PB 0x000000008eb00000| Untracked |  0
|  74|0x000000008ec00000, 0x000000008ec00000, 0x000000008ed00000|  0%| F|  |TAMS 0x000000008ec00000| PB 0x000000008ec00000| Untracked |  0
|  75|0x000000008ed00000, 0x000000008ed00000, 0x000000008ee00000|  0%| F|  |TAMS 0x000000008ed00000| PB 0x000000008ed00000| Untracked |  0
|  76|0x000000008ee00000, 0x000000008ee00000, 0x000000008ef00000|  0%| F|  |TAMS 0x000000008ee00000| PB 0x000000008ee00000| Untracked |  0
|  77|0x000000008ef00000, 0x000000008ef00000, 0x000000008f000000|  0%| F|  |TAMS 0x000000008ef00000| PB 0x000000008ef00000| Untracked |  0
|  78|0x000000008f000000, 0x000000008f000000, 0x000000008f100000|  0%| F|  |TAMS 0x000000008f000000| PB 0x000000008f000000| Untracked |  0
|  79|0x000000008f100000, 0x000000008f100000, 0x000000008f200000|  0%| F|  |TAMS 0x000000008f100000| PB 0x000000008f100000| Untracked |  0
|  80|0x000000008f200000, 0x000000008f200000, 0x000000008f300000|  0%| F|  |TAMS 0x000000008f200000| PB 0x000000008f200000| Untracked |  0
|  81|0x000000008f300000, 0x000000008f300000, 0x000000008f400000|  0%| F|  |TAMS 0x000000008f300000| PB 0x000000008f300000| Untracked |  0
|  82|0x000000008f400000, 0x000000008f400000, 0x000000008f500000|  0%| F|  |TAMS 0x000000008f400000| PB 0x000000008f400000| Untracked |  0
|  83|0x000000008f500000, 0x000000008f500000, 0x000000008f600000|  0%| F|  |TAMS 0x000000008f500000| PB 0x000000008f500000| Untracked |  0
|  84|0x000000008f600000, 0x000000008f600000, 0x000000008f700000|  0%| F|  |TAMS 0x000000008f600000| PB 0x000000008f600000| Untracked |  0
|  85|0x000000008f700000, 0x000000008f700000, 0x000000008f800000|  0%| F|  |TAMS 0x000000008f700000| PB 0x000000008f700000| Untracked |  0
|  86|0x000000008f800000, 0x000000008f800000, 0x000000008f900000|  0%| F|  |TAMS 0x000000008f800000| PB 0x000000008f800000| Untracked |  0
|  87|0x000000008f900000, 0x000000008f900000, 0x000000008fa00000|  0%| F|  |TAMS 0x000000008f900000| PB 0x000000008f900000| Untracked |  0
|  88|0x000000008fa00000, 0x000000008fa00000, 0x000000008fb00000|  0%| F|  |TAMS 0x000000008fa00000| PB 0x000000008fa00000| Untracked |  0
|  89|0x000000008fb00000, 0x000000008fb00000, 0x000000008fc00000|  0%| F|  |TAMS 0x000000008fb00000| PB 0x000000008fb00000| Untracked |  0
|  90|0x000000008fc00000, 0x000000008fc00000, 0x000000008fd00000|  0%| F|  |TAMS 0x000000008fc00000| PB 0x000000008fc00000| Untracked |  0
|  91|0x000000008fd00000, 0x000000008fe00000, 0x000000008fe00000|100%| S|CS|TAMS 0x000000008fd00000| PB 0x000000008fd00000| Complete |  0
|  92|0x000000008fe00000, 0x000000008ff00000, 0x000000008ff00000|100%| S|CS|TAMS 0x000000008fe00000| PB 0x000000008fe00000| Complete |  0
|  93|0x000000008ff00000, 0x0000000090000000, 0x0000000090000000|100%| S|CS|TAMS 0x000000008ff00000| PB 0x000000008ff00000| Complete |  0
|  94|0x0000000090000000, 0x0000000090000000, 0x0000000090100000|  0%| F|  |TAMS 0x0000000090000000| PB 0x0000000090000000| Untracked |  0
|  95|0x0000000090100000, 0x0000000090100000, 0x0000000090200000|  0%| F|  |TAMS 0x0000000090100000| PB 0x0000000090100000| Untracked |  0
|  96|0x0000000090200000, 0x0000000090200000, 0x0000000090300000|  0%| F|  |TAMS 0x0000000090200000| PB 0x0000000090200000| Untracked |  0
|  97|0x0000000090300000, 0x0000000090300000, 0x0000000090400000|  0%| F|  |TAMS 0x0000000090300000| PB 0x0000000090300000| Untracked |  0
|  98|0x0000000090400000, 0x0000000090400000, 0x0000000090500000|  0%| F|  |TAMS 0x0000000090400000| PB 0x0000000090400000| Untracked |  0
|  99|0x0000000090500000, 0x0000000090500000, 0x0000000090600000|  0%| F|  |TAMS 0x0000000090500000| PB 0x0000000090500000| Untracked |  0
| 100|0x0000000090600000, 0x0000000090600000, 0x0000000090700000|  0%| F|  |TAMS 0x0000000090600000| PB 0x0000000090600000| Untracked |  0
| 101|0x0000000090700000, 0x0000000090700000, 0x0000000090800000|  0%| F|  |TAMS 0x0000000090700000| PB 0x0000000090700000| Untracked |  0
| 102|0x0000000090800000, 0x0000000090800000, 0x0000000090900000|  0%| F|  |TAMS 0x0000000090800000| PB 0x0000000090800000| Untracked |  0
| 103|0x0000000090900000, 0x0000000090900000, 0x0000000090a00000|  0%| F|  |TAMS 0x0000000090900000| PB 0x0000000090900000| Untracked |  0
| 104|0x0000000090a00000, 0x0000000090a00000, 0x0000000090b00000|  0%| F|  |TAMS 0x0000000090a00000| PB 0x0000000090a00000| Untracked |  0
| 105|0x0000000090b00000, 0x0000000090b00000, 0x0000000090c00000|  0%| F|  |TAMS 0x0000000090b00000| PB 0x0000000090b00000| Untracked |  0
| 106|0x0000000090c00000, 0x0000000090c00000, 0x0000000090d00000|  0%| F|  |TAMS 0x0000000090c00000| PB 0x0000000090c00000| Untracked |  0
| 107|0x0000000090d00000, 0x0000000090d00000, 0x0000000090e00000|  0%| F|  |TAMS 0x0000000090d00000| PB 0x0000000090d00000| Untracked |  0
| 108|0x0000000090e00000, 0x0000000090e00000, 0x0000000090f00000|  0%| F|  |TAMS 0x0000000090e00000| PB 0x0000000090e00000| Untracked |  0
| 109|0x0000000090f00000, 0x0000000090f00000, 0x0000000091000000|  0%| F|  |TAMS 0x0000000090f00000| PB 0x0000000090f00000| Untracked |  0
| 110|0x0000000091000000, 0x0000000091000000, 0x0000000091100000|  0%| F|  |TAMS 0x0000000091000000| PB 0x0000000091000000| Untracked |  0
| 111|0x0000000091100000, 0x00000000911a02c0, 0x0000000091200000| 62%| E|  |TAMS 0x0000000091100000| PB 0x0000000091100000| Complete |  0
| 112|0x0000000091200000, 0x0000000091300000, 0x0000000091300000|100%| E|CS|TAMS 0x0000000091200000| PB 0x0000000091200000| Complete |  0
| 113|0x0000000091300000, 0x0000000091400000, 0x0000000091400000|100%| E|CS|TAMS 0x0000000091300000| PB 0x0000000091300000| Complete |  0
| 114|0x0000000091400000, 0x0000000091500000, 0x0000000091500000|100%| E|CS|TAMS 0x0000000091400000| PB 0x0000000091400000| Complete |  0
| 115|0x0000000091500000, 0x0000000091600000, 0x0000000091600000|100%| E|CS|TAMS 0x0000000091500000| PB 0x0000000091500000| Complete |  0
| 116|0x0000000091600000, 0x0000000091700000, 0x0000000091700000|100%| E|CS|TAMS 0x0000000091600000| PB 0x0000000091600000| Complete |  0
| 117|0x0000000091700000, 0x0000000091800000, 0x0000000091800000|100%| E|CS|TAMS 0x0000000091700000| PB 0x0000000091700000| Complete |  0

Card table byte_map: [0x000001d6b4360000,0x000001d6b4710000] _byte_map_base: 0x000001d6b3f0f000

Marking Bits: (CMBitMap*) 0x000001d6a6c004a0
 Bits: [0x000001d6b4710000, 0x000001d6b6488000)

Polling page: 0x000001d6a6c70000

Metaspace:

Usage:
  Non-class:      5.95 MB used.
      Class:    859.67 KB used.
       Both:      6.79 MB used.

Virtual space:
  Non-class space:       64.00 MB reserved,       6.06 MB (  9%) committed,  1 nodes.
      Class space:        1.00 GB reserved,       1.00 MB ( <1%) committed,  1 nodes.
             Both:        1.06 GB reserved,       7.06 MB ( <1%) committed. 

Chunk freelists:
   Non-Class:  9.85 MB
       Class:  15.06 MB
        Both:  24.91 MB

MaxMetaspaceSize: unlimited
CompressedClassSpaceSize: 1.00 GB
Initial GC threshold: 21.00 MB
Current GC threshold: 21.00 MB
CDS: on
 - commit_granule_bytes: 65536.
 - commit_granule_words: 8192.
 - virtual_space_node_default_size: 8388608.
 - enlarge_chunks_in_place: 1.
 - use_allocation_guard: 0.


Internal statistics:

num_allocs_failed_limit: 0.
num_arena_births: 178.
num_arena_deaths: 0.
num_vsnodes_births: 2.
num_vsnodes_deaths: 0.
num_space_committed: 113.
num_space_uncommitted: 0.
num_chunks_returned_to_freelist: 0.
num_chunks_taken_from_freelist: 240.
num_chunk_merges: 0.
num_chunk_splits: 168.
num_chunks_enlarged: 114.
num_inconsistent_stats: 0.

CodeCache: size=49152Kb used=4902Kb max_used=4902Kb free=44249Kb
 bounds [0x000001d6b06c0000, 0x000001d6b0b90000, 0x000001d6b36c0000]
 total_blobs=1895 nmethods=1399 adapters=418
 compilation: enabled
              stopped_count=0, restarted_count=0
 full_count=0

Compilation events (20 events):
Event: 0.777 Thread 0x000001d6fe15d070 1327       1       java.util.stream.StreamOpFlag::getMask (30 bytes)
Event: 0.777 Thread 0x000001d6fe15d070 nmethod 1327 0x000001d6b0b6d990 code [0x000001d6b0b6db20, 0x000001d6b0b6dc18]
Event: 0.777 Thread 0x000001d6fe15c9b0 nmethod 1326 0x000001d6b0b6dc90 code [0x000001d6b0b6de20, 0x000001d6b0b6def8]
Event: 0.781 Thread 0x000001d6fe15c9b0 1328       1       java.lang.String::contains (19 bytes)
Event: 0.781 Thread 0x000001d6fe15c9b0 nmethod 1328 0x000001d6b0b6df90 code [0x000001d6b0b6e140, 0x000001d6b0b6e270]
Event: 0.787 Thread 0x000001d6fe15c9b0 1329       1       java.io.WinNTFileSystem::resolve (349 bytes)
Event: 0.787 Thread 0x000001d6fe15d070 1330       1       java.lang.String::<init> (10 bytes)
Event: 0.787 Thread 0x000001d6fe15d070 nmethod 1330 0x000001d6b0b6e310 code [0x000001d6b0b6e4a0, 0x000001d6b0b6e598]
Event: 0.789 Thread 0x000001d6fe15c9b0 nmethod 1329 0x000001d6b0b6e690 code [0x000001d6b0b6e940, 0x000001d6b0b6f810]
Event: 0.789 Thread 0x000001d6b8f30ab0 1331       1       java.lang.invoke.DirectMethodHandle::isCrackable (5 bytes)
Event: 0.789 Thread 0x000001d6fe15d070 1332       1       jdk.internal.misc.CDS::isSharingEnabled (4 bytes)
Event: 0.789 Thread 0x000001d6b8f30ab0 nmethod 1331 0x000001d6b0b70210 code [0x000001d6b0b703a0, 0x000001d6b0b70470]
Event: 0.789 Thread 0x000001d6fe15d070 nmethod 1332 0x000001d6b0b70510 code [0x000001d6b0b706a0, 0x000001d6b0b70748]
Event: 0.789 Thread 0x000001d6b8f30ab0 1333       1       java.lang.invoke.MethodHandle::keepsAlive (20 bytes)
Event: 0.790 Thread 0x000001d6b8f30ab0 nmethod 1333 0x000001d6b0b70810 code [0x000001d6b0b709c0, 0x000001d6b0b70bf0]
Event: 0.791 Thread 0x000001d6b8f30ab0 1334       1       java.lang.reflect.Constructor::getModifiers (5 bytes)
Event: 0.791 Thread 0x000001d6b8f30ab0 nmethod 1334 0x000001d6b0b70d10 code [0x000001d6b0b70ea0, 0x000001d6b0b70f68]
Event: 0.792 Thread 0x000001d6fe1cbe00 1336       1       java.net.URLStreamHandler::parseURL (1124 bytes)
Event: 0.792 Thread 0x000001d6b8f30ab0 1335       1       sun.net.www.protocol.file.Handler::parseURL (18 bytes)
Event: 0.792 Thread 0x000001d6b8f30ab0 nmethod 1335 0x000001d6b0b71010 code [0x000001d6b0b711c0, 0x000001d6b0b71310]

GC Heap History (0 events):
No events

Dll operation events (12 events):
Event: 0.021 Loaded shared library C:\Users\USUARIO\.jdks\openjdk-22\bin\java.dll
Event: 0.141 Loaded shared library C:\Users\USUARIO\.jdks\openjdk-22\bin\zip.dll
Event: 0.146 Loaded shared library C:\Users\USUARIO\.jdks\openjdk-22\bin\instrument.dll
Event: 0.151 Loaded shared library C:\Users\USUARIO\.jdks\openjdk-22\bin\net.dll
Event: 0.153 Loaded shared library C:\Users\USUARIO\.jdks\openjdk-22\bin\nio.dll
Event: 0.156 Loaded shared library C:\Users\USUARIO\.jdks\openjdk-22\bin\zip.dll
Event: 0.252 Loaded shared library C:\Program Files\JetBrains\IntelliJ IDEA 2023.3.6\bin\breakgen64.dll
Event: 0.259 Loaded shared library C:\Users\USUARIO\.jdks\openjdk-22\bin\jimage.dll
Event: 0.262 Loaded shared library C:\Users\USUARIO\.jdks\openjdk-22\bin\extnet.dll
Event: 0.278 Loaded shared library C:\Users\USUARIO\.jdks\openjdk-22\bin\management.dll
Event: 0.291 Loaded shared library C:\Users\USUARIO\.jdks\openjdk-22\bin\management_ext.dll
Event: 0.601 Loaded shared library C:\Users\USUARIO\.jdks\openjdk-22\bin\verify.dll

Deoptimization events (0 events):
No events

Classes loaded (20 events):
Event: 0.764 Loading class java/nio/file/NoSuchFileException
Event: 0.764 Loading class java/nio/file/FileSystemException
Event: 0.764 Loading class java/nio/file/FileSystemException done
Event: 0.764 Loading class java/nio/file/NoSuchFileException done
Event: 0.764 Loading class java/io/UncheckedIOException
Event: 0.764 Loading class java/io/UncheckedIOException done
Event: 0.766 Loading class java/net/HttpURLConnection
Event: 0.766 Loading class java/net/HttpURLConnection done
Event: 0.769 Loading class java/net/URLDecoder
Event: 0.769 Loading class java/net/URLDecoder done
Event: 0.776 Loading class java/util/stream/DistinctOps
Event: 0.776 Loading class java/util/stream/DistinctOps done
Event: 0.776 Loading class java/util/stream/DistinctOps$1
Event: 0.776 Loading class java/util/stream/ReferencePipeline$StatefulOp
Event: 0.776 Loading class java/util/stream/ReferencePipeline$StatefulOp done
Event: 0.776 Loading class java/util/stream/DistinctOps$1 done
Event: 0.776 Loading class java/util/stream/DistinctOps$1$2
Event: 0.777 Loading class java/util/stream/DistinctOps$1$2 done
Event: 0.786 Loading class java/lang/reflect/UndeclaredThrowableException
Event: 0.786 Loading class java/lang/reflect/UndeclaredThrowableException done

Classes unloaded (0 events):
No events

Classes redefined (0 events):
No events

Internal exceptions (18 events):
Event: 0.242 Thread 0x000001d6a6baafc0 Exception <a 'java/lang/NoSuchMethodError'{0x0000000090f54f48}: 'void java.lang.invoke.DirectMethodHandle$Holder.invokeStatic(java.lang.Object, java.lang.Object, java.lang.Object)'> (0x0000000090f54f48) 
thrown [s\open\src\hotspot\share\interpreter\linkResolver.cpp, line 774]
Event: 0.247 Thread 0x000001d6a6baafc0 Exception <a 'java/lang/NoSuchMethodError'{0x0000000090f6c9e0}: 'java.lang.Object java.lang.invoke.Invokers$Holder.invokeExact_MT(java.lang.Object, java.lang.Object, java.lang.Object, java.lang.Object, java.lang.Object)'> (0x0000000090f6c9e0) 
thrown [s\open\src\hotspot\share\interpreter\linkResolver.cpp, line 774]
Event: 0.263 Thread 0x000001d6fe512290 Exception <a 'java/lang/NoSuchMethodError'{0x0000000090e08d48}: 'void java.lang.invoke.DirectMethodHandle$Holder.invokeStatic(java.lang.Object, java.lang.Object)'> (0x0000000090e08d48) 
thrown [s\open\src\hotspot\share\interpreter\linkResolver.cpp, line 774]
Event: 0.294 Thread 0x000001d6a6baafc0 Exception <a 'java/lang/NoSuchMethodError'{0x0000000090eaa070}: 'int java.lang.invoke.DirectMethodHandle$Holder.invokeInterface(java.lang.Object, java.lang.Object)'> (0x0000000090eaa070) 
thrown [s\open\src\hotspot\share\interpreter\linkResolver.cpp, line 774]
Event: 0.295 Thread 0x000001d6a6baafc0 Exception <a 'java/lang/IncompatibleClassChangeError'{0x0000000090ead398}: Found class java.lang.Object, but interface was expected> (0x0000000090ead398) 
thrown [s\open\src\hotspot\share\interpreter\linkResolver.cpp, line 841]
Event: 0.346 Thread 0x000001d6a6baafc0 Exception <a 'java/lang/NoSuchMethodError'{0x0000000090d77318}: 'int java.lang.invoke.DirectMethodHandle$Holder.invokeSpecial(java.lang.Object, java.lang.Object, java.lang.Object)'> (0x0000000090d77318) 
thrown [s\open\src\hotspot\share\interpreter\linkResolver.cpp, line 774]
Event: 0.390 Thread 0x000001d6a6baafc0 Exception <a 'java/lang/NoSuchMethodError'{0x0000000090ccd620}: 'java.lang.Object java.lang.invoke.DirectMethodHandle$Holder.invokeStaticInit(java.lang.Object, java.lang.Object, java.lang.Object)'> (0x0000000090ccd620) 
thrown [s\open\src\hotspot\share\interpreter\linkResolver.cpp, line 774]
Event: 0.468 Thread 0x000001d6a6baafc0 Exception <a 'java/lang/NoSuchMethodError'{0x00000000909d6070}: 'int java.lang.invoke.DirectMethodHandle$Holder.invokeSpecialIFC(java.lang.Object, java.lang.Object, java.lang.Object)'> (0x00000000909d6070) 
thrown [s\open\src\hotspot\share\interpreter\linkResolver.cpp, line 774]
Event: 0.511 Thread 0x000001d6a6baafc0 Exception <a 'java/lang/NoSuchMethodError'{0x0000000090848998}: 'java.lang.Object java.lang.invoke.DirectMethodHandle$Holder.invokeStaticInit(java.lang.Object, int, int, int, int)'> (0x0000000090848998) 
thrown [s\open\src\hotspot\share\interpreter\linkResolver.cpp, line 774]
Event: 0.528 Thread 0x000001d6a6baafc0 Exception <a 'java/lang/NoSuchMethodError'{0x0000000090875998}: 'java.lang.Object java.lang.invoke.DirectMethodHandle$Holder.invokeStaticInit(java.lang.Object, java.lang.Object, int, int, int, int)'> (0x0000000090875998) 
thrown [s\open\src\hotspot\share\interpreter\linkResolver.cpp, line 774]
Event: 0.547 Thread 0x000001d6a6baafc0 Exception <a 'java/lang/ClassNotFoundException'{0x0000000090892bc0}: javax/management/remote/rmi/RMIServerImpl_Skel> (0x0000000090892bc0) 
thrown [s\open\src\hotspot\share\classfile\systemDictionary.cpp, line 313]
Event: 0.560 Thread 0x000001d6a6baafc0 Exception <a 'java/lang/NoSuchMethodError'{0x00000000908b07d0}: 'long java.lang.invoke.DirectMethodHandle$Holder.invokeSpecial(java.lang.Object, java.lang.Object)'> (0x00000000908b07d0) 
thrown [s\open\src\hotspot\share\interpreter\linkResolver.cpp, line 774]
Event: 0.561 Thread 0x000001d6a6baafc0 Exception <a 'java/lang/NoSuchMethodError'{0x00000000908b3ea8}: 'long java.lang.invoke.Invokers$Holder.invokeExact_MT(java.lang.Object, java.lang.Object)'> (0x00000000908b3ea8) 
thrown [s\open\src\hotspot\share\interpreter\linkResolver.cpp, line 774]
Event: 0.563 Thread 0x000001d6a6baafc0 Exception <a 'java/lang/NoSuchMethodError'{0x00000000908c4d60}: 'void java.lang.invoke.DirectMethodHandle$Holder.invokeSpecial(java.lang.Object, java.lang.Object, java.lang.Object)'> (0x00000000908c4d60) 
thrown [s\open\src\hotspot\share\interpreter\linkResolver.cpp, line 774]
Event: 0.671 Thread 0x000001d6a6baafc0 Exception <a 'java/lang/NoSuchMethodError'{0x0000000090524f30}: 'java.lang.Object java.lang.invoke.DirectMethodHandle$Holder.invokeSpecial(java.lang.Object, java.lang.Object, java.lang.Object, long, java.lang.Object)'> (0x0000000090524f30) 
thrown [s\open\src\hotspot\share\interpreter\linkResolver.cpp, line 774]
Event: 0.672 Thread 0x000001d6a6baafc0 Exception <a 'java/lang/NoSuchMethodError'{0x0000000090528890}: 'java.lang.Object java.lang.invoke.Invokers$Holder.linkToTargetMethod(java.lang.Object, long, java.lang.Object, java.lang.Object)'> (0x0000000090528890) 
thrown [s\open\src\hotspot\share\interpreter\linkResolver.cpp, line 774]
Event: 0.751 Thread 0x000001d6a6baafc0 Exception <a 'java/lang/NoSuchMethodError'{0x000000009031cb88}: 'void java.lang.invoke.DirectMethodHandle$Holder.invokeStatic(java.lang.Object, java.lang.Object, java.lang.Object, java.lang.Object)'> (0x000000009031cb88) 
thrown [s\open\src\hotspot\share\interpreter\linkResolver.cpp, line 774]
Event: 0.787 Thread 0x000001d6a6baafc0 Exception <a 'java/lang/NoSuchMethodError'{0x000000009023bda0}: 'int java.lang.invoke.DirectMethodHandle$Holder.invokeStaticInit(java.lang.Object, java.lang.Object)'> (0x000000009023bda0) 
thrown [s\open\src\hotspot\share\interpreter\linkResolver.cpp, line 774]

ZGC Phase Switch (0 events):
No events

VM Operations (20 events):
Event: 0.123 Executing VM operation: HandshakeAllThreads (Deoptimize)
Event: 0.123 Executing VM operation: HandshakeAllThreads (Deoptimize) done
Event: 0.256 Executing VM operation: HandshakeAllThreads (Deoptimize)
Event: 0.256 Executing VM operation: HandshakeAllThreads (Deoptimize) done
Event: 0.299 Executing VM operation: HandshakeAllThreads (Deoptimize)
Event: 0.299 Executing VM operation: HandshakeAllThreads (Deoptimize) done
Event: 0.485 Executing VM operation: HandshakeAllThreads (Deoptimize)
Event: 0.485 Executing VM operation: HandshakeAllThreads (Deoptimize) done
Event: 0.545 Executing VM operation: HandshakeAllThreads (Deoptimize)
Event: 0.545 Executing VM operation: HandshakeAllThreads (Deoptimize) done
Event: 0.567 Executing VM operation: HandshakeAllThreads (Deoptimize)
Event: 0.567 Executing VM operation: HandshakeAllThreads (Deoptimize) done
Event: 0.603 Executing VM operation: HandshakeAllThreads (Deoptimize)
Event: 0.603 Executing VM operation: HandshakeAllThreads (Deoptimize) done
Event: 0.612 Executing VM operation: HandshakeAllThreads (Deoptimize)
Event: 0.612 Executing VM operation: HandshakeAllThreads (Deoptimize) done
Event: 0.625 Executing VM operation: HandshakeAllThreads (Deoptimize)
Event: 0.625 Executing VM operation: HandshakeAllThreads (Deoptimize) done
Event: 0.705 Executing VM operation: ICBufferFull
Event: 0.705 Executing VM operation: ICBufferFull done

Events (15 events):
Event: 0.042 Thread 0x000001d6a6baafc0 Thread added: 0x000001d6a6baafc0
Event: 0.057 Thread 0x000001d6b8f2b4e0 Thread added: 0x000001d6b8f2b4e0
Event: 0.057 Thread 0x000001d6b8f2c3b0 Thread added: 0x000001d6b8f2c3b0
Event: 0.057 Thread 0x000001d6b8f2e130 Thread added: 0x000001d6b8f2e130
Event: 0.057 Thread 0x000001d6b8f2eb90 Thread added: 0x000001d6b8f2eb90
Event: 0.057 Thread 0x000001d6b8f2f5f0 Thread added: 0x000001d6b8f2f5f0
Event: 0.057 Thread 0x000001d6b8f30050 Thread added: 0x000001d6b8f30050
Event: 0.057 Thread 0x000001d6b8f30ab0 Thread added: 0x000001d6b8f30ab0
Event: 0.116 Thread 0x000001d6b8efab60 Thread added: 0x000001d6b8efab60
Event: 0.123 Thread 0x000001d6fe15c9b0 Thread added: 0x000001d6fe15c9b0
Event: 0.124 Thread 0x000001d6fe15d070 Thread added: 0x000001d6fe15d070
Event: 0.125 Thread 0x000001d6fe1cbe00 Thread added: 0x000001d6fe1cbe00
Event: 0.253 Thread 0x000001d6fe512290 Thread added: 0x000001d6fe512290
Event: 0.253 Thread 0x000001d6fe514910 Thread added: 0x000001d6fe514910
Event: 0.557 Thread 0x000001d6fe72f7c0 Thread added: 0x000001d6fe72f7c0


Dynamic libraries:
0x00007ff710f20000 - 0x00007ff710f2e000 	C:\Users\USUARIO\.jdks\openjdk-22\bin\java.exe
0x00007ff99ac90000 - 0x00007ff99ae88000 	C:\Windows\SYSTEM32\ntdll.dll
0x00007ff99a8d0000 - 0x00007ff99a992000 	C:\Windows\System32\KERNEL32.DLL
0x00007ff9988a0000 - 0x00007ff998b96000 	C:\Windows\System32\KERNELBASE.dll
0x00007ff998330000 - 0x00007ff998430000 	C:\Windows\System32\ucrtbase.dll
0x00007ff97cb40000 - 0x00007ff97cb57000 	C:\Users\USUARIO\.jdks\openjdk-22\bin\jli.dll
0x00007ff996100000 - 0x00007ff99611b000 	C:\Users\USUARIO\.jdks\openjdk-22\bin\VCRUNTIME140.dll
0x00007ff999710000 - 0x00007ff9998ad000 	C:\Windows\System32\USER32.dll
0x00007ff9985f0000 - 0x00007ff998612000 	C:\Windows\System32\win32u.dll
0x00007ff986f30000 - 0x00007ff9871cb000 	C:\Windows\WinSxS\amd64_microsoft.windows.common-controls_6595b64144ccf1df_6.0.19041.6280_none_60bc30a171f2f3f3\COMCTL32.dll
0x00007ff99a780000 - 0x00007ff99a7ab000 	C:\Windows\System32\GDI32.dll
0x00007ff99a680000 - 0x00007ff99a71e000 	C:\Windows\System32\msvcrt.dll
0x00007ff998ba0000 - 0x00007ff998cb9000 	C:\Windows\System32\gdi32full.dll
0x00007ff9987b0000 - 0x00007ff99884d000 	C:\Windows\System32\msvcp_win.dll
0x00007ff99a3b0000 - 0x00007ff99a3df000 	C:\Windows\System32\IMM32.DLL
0x00007ff9961a0000 - 0x00007ff9961ac000 	C:\Users\USUARIO\.jdks\openjdk-22\bin\vcruntime140_1.dll
0x00007ff95c830000 - 0x00007ff95c8be000 	C:\Users\USUARIO\.jdks\openjdk-22\bin\msvcp140.dll
0x00007ff8ff3a0000 - 0x00007ff9000e8000 	C:\Users\USUARIO\.jdks\openjdk-22\bin\server\jvm.dll
0x00007ff9998b0000 - 0x00007ff999961000 	C:\Windows\System32\ADVAPI32.dll
0x00007ff998e00000 - 0x00007ff998e9f000 	C:\Windows\System32\sechost.dll
0x00007ff99a7b0000 - 0x00007ff99a8d0000 	C:\Windows\System32\RPCRT4.dll
0x00007ff998620000 - 0x00007ff998647000 	C:\Windows\System32\bcrypt.dll
0x00007ff99a3e0000 - 0x00007ff99a44b000 	C:\Windows\System32\WS2_32.dll
0x00007ff998190000 - 0x00007ff9981db000 	C:\Windows\SYSTEM32\POWRPROF.dll
0x00007ff996140000 - 0x00007ff99614a000 	C:\Windows\SYSTEM32\VERSION.dll
0x00007ff98c890000 - 0x00007ff98c8b7000 	C:\Windows\SYSTEM32\WINMM.dll
0x00007ff998170000 - 0x00007ff998182000 	C:\Windows\SYSTEM32\UMPDC.dll
0x00007ff996b40000 - 0x00007ff996b52000 	C:\Windows\SYSTEM32\kernel.appcore.dll
0x00007ff98c790000 - 0x00007ff98c79a000 	C:\Users\USUARIO\.jdks\openjdk-22\bin\jimage.dll
0x00007ff987320000 - 0x00007ff987521000 	C:\Windows\SYSTEM32\DBGHELP.DLL
0x00007ff979f40000 - 0x00007ff979f74000 	C:\Windows\SYSTEM32\dbgcore.DLL
0x00007ff998560000 - 0x00007ff9985e2000 	C:\Windows\System32\bcryptPrimitives.dll
0x00007ff975790000 - 0x00007ff97579f000 	C:\Users\USUARIO\.jdks\openjdk-22\bin\instrument.dll
0x00007ff976410000 - 0x00007ff97642e000 	C:\Users\USUARIO\.jdks\openjdk-22\bin\java.dll
0x00007ff999c40000 - 0x00007ff99a3b0000 	C:\Windows\System32\SHELL32.dll
0x00007ff998cc0000 - 0x00007ff998deb000 	C:\Windows\System32\ole32.dll
0x00007ff998f40000 - 0x00007ff999293000 	C:\Windows\System32\combase.dll
0x00007ff996390000 - 0x00007ff996b35000 	C:\Windows\SYSTEM32\windows.storage.dll
0x00007ff997c90000 - 0x00007ff997cbb000 	C:\Windows\SYSTEM32\Wldp.dll
0x00007ff999a50000 - 0x00007ff999b1d000 	C:\Windows\System32\OLEAUT32.dll
0x00007ff99aa80000 - 0x00007ff99ab2d000 	C:\Windows\System32\SHCORE.dll
0x00007ff99ab30000 - 0x00007ff99ab8b000 	C:\Windows\System32\shlwapi.dll
0x00007ff998260000 - 0x00007ff998284000 	C:\Windows\SYSTEM32\profapi.dll
0x00007ff96ede0000 - 0x00007ff96edf7000 	C:\Users\USUARIO\.jdks\openjdk-22\bin\zip.dll
0x00007ff97c4c0000 - 0x00007ff97c4d0000 	C:\Users\USUARIO\.jdks\openjdk-22\bin\net.dll
0x00007ff9979f0000 - 0x00007ff997a5a000 	C:\Windows\system32\mswsock.dll
0x00007ff974600000 - 0x00007ff974616000 	C:\Users\USUARIO\.jdks\openjdk-22\bin\nio.dll
0x00007ff96e4a0000 - 0x00007ff96e4ba000 	C:\Program Files\JetBrains\IntelliJ IDEA 2023.3.6\bin\breakgen64.dll
0x00007ff975ac0000 - 0x00007ff975ac9000 	C:\Users\USUARIO\.jdks\openjdk-22\bin\extnet.dll
0x00007ff997710000 - 0x00007ff9977da000 	C:\Windows\SYSTEM32\DNSAPI.dll
0x00007ff9976d0000 - 0x00007ff99770b000 	C:\Windows\SYSTEM32\IPHLPAPI.DLL
0x00007ff998df0000 - 0x00007ff998df8000 	C:\Windows\System32\NSI.dll
0x0000000075bc0000 - 0x0000000075be6000 	C:\Program Files\Bonjour\mdnsNSP.dll
0x00007ff98fde0000 - 0x00007ff98fdea000 	C:\Windows\System32\rasadhlp.dll
0x00007ff98cc00000 - 0x00007ff98cc80000 	C:\Windows\System32\fwpuclnt.dll
0x00007ff97c4a0000 - 0x00007ff97c4aa000 	C:\Users\USUARIO\.jdks\openjdk-22\bin\management.dll
0x00007ff9773d0000 - 0x00007ff9773db000 	C:\Users\USUARIO\.jdks\openjdk-22\bin\management_ext.dll
0x00007ff99ab90000 - 0x00007ff99ab98000 	C:\Windows\System32\PSAPI.DLL
0x00007ff997bf0000 - 0x00007ff997c08000 	C:\Windows\SYSTEM32\CRYPTSP.dll
0x00007ff997310000 - 0x00007ff997348000 	C:\Windows\system32\rsaenh.dll
0x00007ff9981e0000 - 0x00007ff99820e000 	C:\Windows\SYSTEM32\USERENV.dll
0x00007ff997be0000 - 0x00007ff997bec000 	C:\Windows\SYSTEM32\CRYPTBASE.dll
0x00007ff963b00000 - 0x00007ff963b17000 	C:\Windows\system32\napinsp.dll
0x00007ff963b20000 - 0x00007ff963b3b000 	C:\Windows\system32\pnrpnsp.dll
0x00007ff994b20000 - 0x00007ff994b3d000 	C:\Windows\system32\wshbth.dll
0x00007ff9934d0000 - 0x00007ff9934ed000 	C:\Windows\system32\NLAapi.dll
0x00007ff963b40000 - 0x00007ff963b52000 	C:\Windows\System32\winrnr.dll
0x00007ff974750000 - 0x00007ff974760000 	C:\Users\USUARIO\.jdks\openjdk-22\bin\verify.dll

dbghelp: loaded successfully - version: 4.0.5 - missing functions: none
symbol engine: initialized successfully - sym options: 0x614 - pdb path: .;C:\Users\USUARIO\.jdks\openjdk-22\bin;C:\Windows\SYSTEM32;C:\Windows\WinSxS\amd64_microsoft.windows.common-controls_6595b64144ccf1df_6.0.19041.6280_none_60bc30a171f2f3f3;C:\Users\USUARIO\.jdks\openjdk-22\bin\server;C:\Program Files\JetBrains\IntelliJ IDEA 2023.3.6\bin;C:\Program Files\Bonjour

VM Arguments:
jvm_args: -XX:TieredStopAtLevel=1 -Dspring.output.ansi.enabled=always -Dcom.sun.management.jmxremote -Dspring.jmx.enabled=true -Dspring.liveBeansView.mbeanDomain -Dspring.application.admin.enabled=true -Dmanagement.endpoints.jmx.exposure.include=* -javaagent:C:\Program Files\JetBrains\IntelliJ IDEA 2023.3.6\lib\idea_rt.jar=51003:C:\Program Files\JetBrains\IntelliJ IDEA 2023.3.6\bin -Dfile.encoding=UTF-8 -Dsun.stdout.encoding=UTF-8 -Dsun.stderr.encoding=UTF-8 
java_command: com.example.msconfigserver.MsConfigServerApplication
java_class_path (initial): F:\repoaitorio\class\ms-config-server\target\classes;C:\Users\USUARIO\.m2\repository\org\springframework\boot\spring-boot-starter-security\3.5.4\spring-boot-starter-security-3.5.4.jar;C:\Users\USUARIO\.m2\repository\org\springframework\boot\spring-boot-starter\3.5.4\spring-boot-starter-3.5.4.jar;C:\Users\USUARIO\.m2\repository\org\springframework\boot\spring-boot\3.5.4\spring-boot-3.5.4.jar;C:\Users\USUARIO\.m2\repository\org\springframework\boot\spring-boot-autoconfigure\3.5.4\spring-boot-autoconfigure-3.5.4.jar;C:\Users\USUARIO\.m2\repository\org\springframework\boot\spring-boot-starter-logging\3.5.4\spring-boot-starter-logging-3.5.4.jar;C:\Users\USUARIO\.m2\repository\ch\qos\logback\logback-classic\1.5.18\logback-classic-1.5.18.jar;C:\Users\USUARIO\.m2\repository\ch\qos\logback\logback-core\1.5.18\logback-core-1.5.18.jar;C:\Users\USUARIO\.m2\repository\org\apache\logging\log4j\log4j-to-slf4j\2.24.3\log4j-to-slf4j-2.24.3.jar;C:\Users\USUARIO\.m2\repository\org\apache\logging\log4j\log4j-api\2.24.3\log4j-api-2.24.3.jar;C:\Users\USUARIO\.m2\repository\org\slf4j\jul-to-slf4j\2.0.17\jul-to-slf4j-2.0.17.jar;C:\Users\USUARIO\.m2\repository\jakarta\annotation\jakarta.annotation-api\2.1.1\jakarta.annotation-api-2.1.1.jar;C:\Users\USUARIO\.m2\repository\org\springframework\spring-aop\6.2.9\spring-aop-6.2.9.jar;C:\Users\USUARIO\.m2\repository\org\springframework\spring-beans\6.2.9\spring-beans-6.2.9.jar;C:\Users\USUARIO\.m2\repository\org\springframework\security\spring-security-config\6.5.2\spring-security-config-6.5.2.jar;C:\Users\USUARIO\.m2\repository\org\springframework\spring-context\6.2.9\spring-context-6.2.9.jar;C:\Users\USUARIO\.m2\repository\org\springframework\security\spring-security-web\6.5.2\spring-security-web-6.5.2.jar;C:\Users\USUARIO\.m2\repository\org\springframework\spring-expression\6.2.9\spring-expression-6.2.9.jar;C:\Users\USUARIO\.m2\repository\org\springframework\spring-web\6.2.9\spring-web-6.2.9.jar;C:\Users\USUARIO\.m2\repository\org\springframework\cloud\spring-cloud-config-server\4.3.0\spring-cloud-config-server-4.3.0.jar;C:\Users\USUARIO\.m2\repository\org\springframework\cloud\spring-cloud-config-client\4.3.0\spring-cloud-config-client-4.3.0.jar;C:\Users\USUARIO\.m2\repository\org\springframework\cloud\spring-cloud-starter\4.3.0\spring-cloud-starter-4.3.0.jar;C:\Users\USUARIO\.m2\repository\org\springframework\cloud\spring-cloud-context\4.3.0\spring-cloud-context-4.3.0.jar;C:\Users\USUARIO\.m2\repository\org\springframework\cloud\spring-cloud-commons\4.3.0\spring-cloud-commons-4.3.0.jar;C:\Users\USUARIO\.m2\repository\org\bouncycastle\bcprov-jdk18on\1.80\bcprov-jdk18on-1.80.jar;C:\Users\USUARIO\.m2\repository\com\fasterxml\jackson\core\jackson-annotations\2.19.2\jackson-annotations-2.19.2.jar;C:\Users\USUARIO\.m2\repository\com\fasterxml\jackson\core\jackson-databind\2.19.2\jackson-databind-2.19.2.jar;C:\Users\USUARIO\.m2\repository\io\micrometer\micrometer-observation\1.15.2\micrometer-observation-1.15.2.jar;C:\Users\USUARIO\.m2\repository\io\micrometer\micrometer-commons\1.15.2\micrometer-commons-1.15.2.jar;C:\Users\USUARIO\.m2\repository\org\springframework\boot\spring-boot-starter-web\3.5.4\spring-boot-starter-web-3.5.4.jar;C:\Users\USUARIO\.m2\repository\org\springframework\boot\spring-boot-starter-json\3.5.4\spring-boot-starter-json-3.5.4.jar;C:\Users\USUARIO\.m2\repository\com\fasterxml\jackson\datatype\jackson-datatype-jdk8\2.19.2\jackson-datatype-jdk8-2.19.2.jar;C:\Users\USUARIO\.m2\repository\com\fasterxml\jackson\datatype\jackson-datatype-jsr310\2.19.2\jackson-datatype-jsr310-2.19.2.jar;C:\Users\USUARIO\.m2\repository\com\fasterxml\jackson\module\jackson-module-parameter-names\2.19.2\jackson-module-parameter-names-2.19.2.jar;C:\Users\USUARIO\.m2\repository\org\springframework\boot\spring-boot-starter-tomcat\3.5.4\spring-boot-starter-tomcat-3.5.4.jar;C:\Users\USUARIO\.m2\repository\org\apache\tomcat\embed\tomcat-embed-core\10.1.43\tomcat-embed-core-10.1.43.jar;C:\Users\USUARIO\.m2\repository\org\apache\tomcat\embed\tomcat-embed-websocket\10.1.43\tomcat-embed-websocket-10.1.43.jar;C:\Users\USUARIO\.m2\repository\org\springframework\spring-webmvc\6.2.9\spring-webmvc-6.2.9.jar;C:\Users\USUARIO\.m2\repository\org\springframework\boot\spring-boot-starter-validation\3.5.4\spring-boot-starter-validation-3.5.4.jar;C:\Users\USUARIO\.m2\repository\org\apache\tomcat\embed\tomcat-embed-el\10.1.43\tomcat-embed-el-10.1.43.jar;C:\Users\USUARIO\.m2\repository\org\hibernate\validator\hibernate-validator\8.0.2.Final\hibernate-validator-8.0.2.Final.jar;C:\Users\USUARIO\.m2\repository\jakarta\validation\jakarta.validation-api\3.0.2\jakarta.validation-api-3.0.2.jar;C:\Users\USUARIO\.m2\repository\org\jboss\logging\jboss-logging\3.6.1.Final\jboss-logging-3.6.1.Final.jar;C:\Users\USUARIO\.m2\repository\com\fasterxml\classmate\1.7.0\classmate-1.7.0.jar;C:\Users\USUARIO\.m2\repository\org\springframework\security\spring-security-crypto\6.5.2\spring-security-crypto-6.5.2.jar;C:\Users\USUARIO\.m2\repository\org\apache\httpcomponents\client5\httpclient5\5.5\httpclient5-5.5.jar;C:\Users\USUARIO\.m2\repository\org\apache\httpcomponents\core5\httpcore5\5.3.4\httpcore5-5.3.4.jar;C:\Users\USUARIO\.m2\repository\org\apache\httpcomponents\core5\httpcore5-h2\5.3.4\httpcore5-h2-5.3.4.jar;C:\Users\USUARIO\.m2\repository\org\slf4j\slf4j-api\2.0.17\slf4j-api-2.0.17.jar;C:\Users\USUARIO\.m2\repository\org\eclipse\jgit\org.eclipse.jgit\6.10.1.202505221210-r\org.eclipse.jgit-6.10.1.202505221210-r.jar;C:\Users\USUARIO\.m2\repository\com\googlecode\javaewah\JavaEWAH\1.2.3\JavaEWAH-1.2.3.jar;C:\Users\USUARIO\.m2\repository\commons-codec\commons-codec\1.18.0\commons-codec-1.18.0.jar;C:\Users\USUARIO\.m2\repository\org\eclipse\jgit\org.eclipse.jgit.http.apache\6.10.1.202505221210-r\org.eclipse.jgit.http.apache-6.10.1.202505221210-r.jar;C:\Users\USUARIO\.m2\repository\org\apache\httpcomponents\httpclient\4.5.14\httpclient-4.5.14.jar;C:\Users\USUARIO\.m2\repository\commons-logging\commons-logging\1.2\commons-logging-1.2.jar;C:\Users\USUARIO\.m2\repository\org\apache\httpcomponents\httpcore\4.4.16\httpcore-4.4.16.jar;C:\Users\USUARIO\.m2\repository\org\eclipse\jgit\org.eclipse.jgit.ssh.apache\6.10.1.202505221210-r\org.eclipse.jgit.ssh.apache-6.10.1.202505221210-r.jar;C:\Users\USUARIO\.m2\repository\org\apache\sshd\sshd-osgi\2.14.0\sshd-osgi-2.14.0.jar;C:\Users\USUARIO\.m2\repository\org\slf4j\jcl-over-slf4j\2.0.17\jcl-over-slf4j-2.0.17.jar;C:\Users\USUARIO\.m2\repository\org\apache\sshd\sshd-sftp\2.14.0\sshd-sftp-2.14.0.jar;C:\Users\USUARIO\.m2\repository\net\i2p\crypto\eddsa\0.3.0\eddsa-0.3.0.jar;C:\Users\USUARIO\.m2\repository\org\yaml\snakeyaml\2.4\snakeyaml-2.4.jar;C:\Users\USUARIO\.m2\repository\com\fasterxml\jackson\dataformat\jackson-dataformat-yaml\2.19.2\jackson-dataformat-yaml-2.19.2.jar;C:\Users\USUARIO\.m2\repository\com\fasterxml\jackson\core\jackson-core\2.19.2\jackson-core-2.19.2.jar;C:\Users\USUARIO\.m2\repository\org\springframework\spring-core\6.2.9\spring-core-6.2.9.jar;C:\Users\USUARIO\.m2\repository\org\springframework\spring-jcl\6.2.9\spring-jcl-6.2.9.jar;C:\Users\USUARIO\.m2\repository\org\springframework\security\spring-security-core\6.5.2\spring-security-core-6.5.2.jar
Launcher Type: SUN_STANDARD

[Global flags]
     intx CICompilerCount                          = 4                                         {product} {ergonomic}
     uint ConcGCThreads                            = 2                                         {product} {ergonomic}
     uint G1ConcRefinementThreads                  = 8                                         {product} {ergonomic}
   size_t G1HeapRegionSize                         = 1048576                                   {product} {ergonomic}
   size_t InitialHeapSize                          = 123731968                                 {product} {ergonomic}
     bool ManagementServer                         = true                                      {product} {command line}
   size_t MarkStackSize                            = 4194304                                   {product} {ergonomic}
   size_t MaxHeapSize                              = 1977614336                                {product} {ergonomic}
   size_t MaxNewSize                               = 1185939456                                {product} {ergonomic}
   size_t MinHeapDeltaBytes                        = 1048576                                   {product} {ergonomic}
   size_t MinHeapSize                              = 8388608                                   {product} {ergonomic}
    uintx NonNMethodCodeHeapSize                   = 4096                                   {pd product} {ergonomic}
    uintx NonProfiledCodeHeapSize                  = 0                                      {pd product} {ergonomic}
     bool ProfileInterpreter                       = false                                  {pd product} {command line}
    uintx ProfiledCodeHeapSize                     = 0                                      {pd product} {ergonomic}
   size_t SoftMaxHeapSize                          = 1977614336                             {manageable} {ergonomic}
     intx TieredStopAtLevel                        = 1                                         {product} {command line}
     bool UseCompressedOops                        = true                           {product lp64_product} {ergonomic}
     bool UseG1GC                                  = true                                      {product} {ergonomic}
     bool UseLargePagesIndividualAllocation        = false                                  {pd product} {ergonomic}

Logging:
Log output configuration:
 #0: stdout all=warning uptime,level,tags foldmultilines=false
 #1: stderr all=off uptime,level,tags foldmultilines=false

Environment Variables:
PATH=C:\Program Files (x86)\Common Files\Oracle\Java\javapath;C:\Windows\system32;C:\Windows;C:\Windows\System32\Wbem;C:\Windows\System32\WindowsPowerShell\v1.0\;C:\Windows\System32\OpenSSH\;C:\Program Files\Microsoft SQL Server\150\Tools\Binn\;C:\Program Files\Microsoft SQL Server\Client SDK\ODBC\170\Tools\Binn\;C:\Program Files\dotnet\;C:\Program Files\Git\cmd;C:\Users\USUARIO\AppData\Local\Microsoft\WindowsApps;C:\Users\USUARIO\.dotnet\tools
USERNAME=USUARIO
OS=Windows_NT
PROCESSOR_IDENTIFIER=AMD64 Family 23 Model 96 Stepping 1, AuthenticAMD
TMP=C:\Users\USUARIO\AppData\Local\Temp
TEMP=C:\Users\USUARIO\AppData\Local\Temp




Periodic native trim disabled

---------------  S Y S T E M  ---------------

OS:
 Windows 10 , 64 bit Build 19041 (10.0.19041.5915)
OS uptime: 17 days 9:38 hours

CPU: total 8 (initial active 8) (8 cores per cpu, 1 threads per core) family 23 model 96 stepping 1 microcode 0x0, cx8, cmov, fxsr, mmx, 3dnowpref, sse, sse2, sse3, ssse3, sse4a, sse4.1, sse4.2, popcnt, lzcnt, tsc, tscinvbit, avx, avx2, aes, clmul, bmi1, bmi2, adx, sha, fma, vzeroupper, clflush, clflushopt, rdtscp, rdpid, f16c
Processor Information for all 8 processors :
  Max Mhz: 2000, Current Mhz: 2000, Mhz Limit: 2000

Memory: 4k page, system-wide physical 7542M (571M free)
TotalPageFile size 14328M (AvailPageFile size 251M)
current process WorkingSet (physical memory assigned to process): 86M, peak: 86M
current process commit charge ("private bytes"): 212M, peak: 212M

vm_info: OpenJDK 64-Bit Server VM (22+36-2370) for windows-amd64 JRE (22+36-2370), built on 2024-02-15T22:15:19Z by "mach5one" with MS VC++ 17.6 (VS2022)

END.
